<?xml version="1.0" encoding="UTF-8"?>
<!-- Generated by org.testng.reporters.JUnitXMLReporter -->
<testsuite hostname="CN-D-027" ignored="0" name="HRBFX_UI" tests="1" failures="1" timestamp="07 Dec 2017 05:43:30 GMT" time="0.012" errors="0">
  <testcase name="@AfterTest teardown" time="0.0" classname="com.app.akku.work.TestCases.Applitools">
    <failure type="java.lang.NullPointerException">
      <![CDATA[java.lang.NullPointerException
	at com.app.akku.work.TestCases.Applitools.teardown(Applitools.java:118)
... Removed 23 stack frames]]>
    </failure>
  </testcase> <!-- @AfterTest teardown -->
  <testcase name="HRBX_COM" time="0.0" classname="com.app.akku.work.TestCases.Applitools">
    <failure type="java.lang.NullPointerException">
      <![CDATA[java.lang.NullPointerException
	at com.app.akku.work.TestCases.Applitools.HRBX_COM(Applitools.java:60)
... Removed 25 stack frames]]>
    </failure>
  </testcase> <!-- HRBX_COM -->
</testsuite> <!-- HRBFX_UI -->
