<?xml version="1.0" encoding="UTF-8"?>
<!-- Generated by org.testng.reporters.JUnitXMLReporter -->
<testsuite hostname="CN-D-027" ignored="11" name="Upload CSV" tests="1" failures="0" timestamp="24 Nov 2017 05:04:43 GMT" time="61.995" errors="0">
  <testcase name="DeleteCreatedOufromPage" time="54.519" classname="com.app.akku.work.TestCases.AK_52_Create_Edit_Delete_Assign_OU"/>
  <testcase name="AK_52_AddValidNewOUwithParentCNT" time="0.0" classname="com.app.akku.work.TestCases.AK_52_Create_Edit_Delete_Assign_OU">
    <ignored/>
  </testcase> <!-- AK_52_AddValidNewOUwithParentCNT -->
  <testcase name="AK_56_AddDuplicateOUunderdifferentParentOU" time="0.0" classname="com.app.akku.work.TestCases.AK_52_Create_Edit_Delete_Assign_OU">
    <ignored/>
  </testcase> <!-- AK_56_AddDuplicateOUunderdifferentParentOU -->
  <testcase name="AK_58_DeleteOUinOUManagementpage" time="0.0" classname="com.app.akku.work.TestCases.AK_52_Create_Edit_Delete_Assign_OU">
    <ignored/>
  </testcase> <!-- AK_58_DeleteOUinOUManagementpage -->
  <testcase name="AK_61_DeleteOUwhichhaveuserinOUManagementpage" time="0.0" classname="com.app.akku.work.TestCases.AK_52_Create_Edit_Delete_Assign_OU">
    <ignored/>
  </testcase> <!-- AK_61_DeleteOUwhichhaveuserinOUManagementpage -->
  <testcase name="AK_53_EditOUNamewithValidNameformat" time="0.0" classname="com.app.akku.work.TestCases.AK_52_Create_Edit_Delete_Assign_OU">
    <ignored/>
  </testcase> <!-- AK_53_EditOUNamewithValidNameformat -->
  <testcase name="AK_57_EditOUNamewithInvalidNameformat" time="0.0" classname="com.app.akku.work.TestCases.AK_52_Create_Edit_Delete_Assign_OU">
    <ignored/>
  </testcase> <!-- AK_57_EditOUNamewithInvalidNameformat -->
  <testcase name="AK_60_DeleteParentOUwhichhaveSubOUinOUManagementpage" time="0.0" classname="com.app.akku.work.TestCases.AK_52_Create_Edit_Delete_Assign_OU">
    <ignored/>
  </testcase> <!-- AK_60_DeleteParentOUwhichhaveSubOUinOUManagementpage -->
  <testcase name="AK_59_AssignUsers" time="0.0" classname="com.app.akku.work.TestCases.AK_52_Create_Edit_Delete_Assign_OU">
    <ignored/>
  </testcase> <!-- AK_59_AssignUsers -->
  <testcase name="RevertbackEditedOUNamewithValidNameformat" time="0.0" classname="com.app.akku.work.TestCases.AK_52_Create_Edit_Delete_Assign_OU">
    <ignored/>
  </testcase> <!-- RevertbackEditedOUNamewithValidNameformat -->
  <testcase name="AK_55_AddDuplicateOUundersameParentOU" time="0.0" classname="com.app.akku.work.TestCases.AK_52_Create_Edit_Delete_Assign_OU">
    <ignored/>
  </testcase> <!-- AK_55_AddDuplicateOUundersameParentOU -->
  <testcase name="AK_54_AddValidNewOUwithanyChildOU" time="0.0" classname="com.app.akku.work.TestCases.AK_52_Create_Edit_Delete_Assign_OU">
    <ignored/>
  </testcase> <!-- AK_54_AddValidNewOUwithanyChildOU -->
</testsuite> <!-- Upload CSV -->
