<?xml version="1.0" encoding="UTF-8"?>
<!-- Generated by org.testng.reporters.JUnitXMLReporter -->
<testsuite hostname="css02-Latitude-E6440" ignored="2" name="HRBFX_02" tests="1" failures="0" timestamp="25 Oct 2017 06:48:29 GMT" time="37.717" errors="0">
  <testcase name="HRBX_02" time="33.932" classname="com.app.akku.work.TestCases.Applitools"/>
  <testcase name="HRBX_COM" time="0.0" classname="com.app.akku.work.TestCases.Applitools">
    <ignored/>
  </testcase> <!-- HRBX_COM -->
  <testcase name="HRBX_01" time="0.0" classname="com.app.akku.work.TestCases.Applitools">
    <ignored/>
  </testcase> <!-- HRBX_01 -->
</testsuite> <!-- HRBFX_02 -->
