<?xml version="1.0" encoding="UTF-8"?>
<!-- Generated by org.testng.reporters.JUnitXMLReporter -->
<testsuite hostname="CN-D-027" ignored="0" name="CSV_File_Upload" tests="3" failures="1" timestamp="05 Dec 2017 08:53:33 GMT" time="123.513" errors="0">
  <testcase name="AK_39_AddBulkUserfromUploadfilewithValidData" time="40.396" classname="com.app.akku.work.TestCases.AKKU_48_Uploadcsvfile">
    <skipped/>
  </testcase> <!-- AK_39_AddBulkUserfromUploadfilewithValidData -->
  <testcase name="AK_39_AddBulkUserfromUploadfilewithValidData" time="38.486" classname="com.app.akku.work.TestCases.AKKU_48_Uploadcsvfile">
    <failure type="java.lang.AssertionError" message="null">
      <![CDATA[java.lang.AssertionError: null
	at com.app.akku.work.TestCases.AKKU_48_Uploadcsvfile.AK_39_AddBulkUserfromUploadfilewithValidData(AKKU_48_Uploadcsvfile.java:70)
... Removed 27 stack frames]]>
    </failure>
  </testcase> <!-- AK_39_AddBulkUserfromUploadfilewithValidData -->
  <testcase name="AK_34_AddBulkUserfromUploadfileCSVwithInvalidData" time="23.659" classname="com.app.akku.work.TestCases.AKKU_48_Uploadcsvfile"/>
</testsuite> <!-- CSV_File_Upload -->
