<?xml version="1.0" encoding="UTF-8"?>
<!-- Generated by org.testng.reporters.JUnitXMLReporter -->
<testsuite hostname="CN-D-027" ignored="0" name="CSV_File_Upload" tests="2" failures="0" timestamp="20 Nov 2017 13:15:13 GMT" time="50.077" errors="0">
  <testcase name="AK_34_AddBulkUserfromUploadfileCSVwithInvalidData" time="21.227" classname="com.app.akku.work.TestCases.AKKU_48_Uploadcsvfile"/>
  <testcase name="AK_39_AddBulkUserfromUploadfilewithValidData" time="18.73" classname="com.app.akku.work.TestCases.AKKU_48_Uploadcsvfile"/>
</testsuite> <!-- CSV_File_Upload -->
