<?xml version="1.0" encoding="UTF-8"?>
<!-- Generated by org.testng.reporters.JUnitXMLReporter -->
<testsuite hostname="css02-Latitude-E6440" ignored="0" name="Edit Pwd of a user" tests="2" failures="0" timestamp="08 Nov 2017 10:18:06 GMT" time="28.552" errors="0">
  <testcase name="ChangeOldPasswordtoNewPassword" time="9.98" classname="com.app.akku.work.TestCases.AKKU_09_Editpwdinformation"/>
  <testcase name="ChangeNewPasswordtoOldPassword" time="10.257" classname="com.app.akku.work.TestCases.AKKU_09_Editpwdinformation"/>
</testsuite> <!-- Edit Pwd of a user -->
