<?xml version="1.0" encoding="UTF-8"?>
<!-- Generated by org.testng.reporters.JUnitXMLReporter -->
<testsuite hostname="CN-D-027" ignored="1" name="Edit User" tests="1" failures="0" timestamp="05 Dec 2017 08:54:06 GMT" time="33.364" errors="0">
  <testcase name="AK_46_AddUsersManually" time="24.675" classname="com.app.akku.work.TestCases.AKKU_47_AddsingleuserManually"/>
  <testcase name="addAdmin" time="0.0" classname="com.app.akku.work.TestCases.AKKU_47_AddsingleuserManually">
    <ignored/>
  </testcase> <!-- addAdmin -->
</testsuite> <!-- Edit User -->
