<?xml version="1.0" encoding="UTF-8"?>
<!-- Generated by org.testng.reporters.JUnitXMLReporter -->
<testsuite hostname="CN-D-027" ignored="4" name="Edit Information" tests="5" failures="0" timestamp="05 Dec 2017 08:40:18 GMT" time="120.476" errors="0">
  <testcase name="AK_09_ChangeOldPasswordtoNewPassword" time="15.502" classname="com.app.akku.work.TestCases.AKKU_09_Editpwdinformation"/>
  <testcase name="AK_32_ChangeNewPasswordtoOldPassword" time="17.596" classname="com.app.akku.work.TestCases.AKKU_09_Editpwdinformation"/>
  <testcase name="AK_12_UpdateNewPasswordWithEmptyPwdEmptyConfirmPwd" time="14.349" classname="com.app.akku.work.TestCases.AKKU_09_Editpwdinformation"/>
  <testcase name="AK_13_UpdatepasswordwithoutmatchingwithPasswordpolicy" time="15.468" classname="com.app.akku.work.TestCases.AKKU_09_Editpwdinformation"/>
  <testcase name="AK_14_UpdateNewPasswordWithSamevalueofnewpwdConfirmpwd" time="14.518" classname="com.app.akku.work.TestCases.AKKU_09_Editpwdinformation"/>
  <testcase name="AK_06_VerificationofUserInfoinHomepageEditInfopage" time="0.0" classname="com.app.akku.work.TestCases.AKKU_09_Editpwdinformation">
    <ignored/>
  </testcase> <!-- AK_06_VerificationofUserInfoinHomepageEditInfopage -->
  <testcase name="AK_11_UpdateNewPasswordwithenteringinvalidOldpassword" time="0.0" classname="com.app.akku.work.TestCases.AKKU_09_Editpwdinformation">
    <ignored/>
  </testcase> <!-- AK_11_UpdateNewPasswordwithenteringinvalidOldpassword -->
  <testcase name="AK_10_UpdateNewPasswordwithinvalidConfirmpassword" time="0.0" classname="com.app.akku.work.TestCases.AKKU_09_Editpwdinformation">
    <ignored/>
  </testcase> <!-- AK_10_UpdateNewPasswordwithinvalidConfirmpassword -->
  <testcase name="AK_08_UpdateNewPasswordwithoutenteringOldpassword" time="0.0" classname="com.app.akku.work.TestCases.AKKU_09_Editpwdinformation">
    <ignored/>
  </testcase> <!-- AK_08_UpdateNewPasswordwithoutenteringOldpassword -->
</testsuite> <!-- Edit Information -->
