<?xml version="1.0" encoding="UTF-8"?>
<!-- Generated by org.testng.reporters.JUnitXMLReporter -->
<testsuite hostname="CN-D-027" ignored="3" name="Edit Information" tests="6" failures="1" timestamp="20 Nov 2017 13:00:01 GMT" time="116.245" errors="0">
  <testcase name="AK_32_ChangeNewPasswordtoOldPassword" time="7.089" classname="com.app.akku.work.TestCases.AKKU_09_Editpwdinformation">
    <failure type="testlink.api.java.client.TestLinkAPIException" message="The required parameter status was not provided by the caller.">
      <![CDATA[testlink.api.java.client.TestLinkAPIException: The required parameter status was not provided by the caller.
	at testlink.api.java.client.TestLinkAPIClient.setParam(TestLinkAPIClient.java:1310)
	at testlink.api.java.client.TestLinkAPIClient.reportTestCaseResult(TestLinkAPIClient.java:281)
	at testlink.api.java.client.TestLinkAPIClient.reportTestCaseResult(TestLinkAPIClient.java:246)
	at testlink.api.java.client.TestLinkAPIClient.reportTestCaseResult(TestLinkAPIClient.java:217)
	at com.app.akku.work.common.TestLinkIntegration.reportResult(TestLinkIntegration.java:16)
	at com.app.akku.work.TestCases.AKKU_09_Editpwdinformation.AK_32_ChangeNewPasswordtoOldPassword(AKKU_09_Editpwdinformation.java:251)
... Removed 25 stack frames]]>
    </failure>
  </testcase> <!-- AK_32_ChangeNewPasswordtoOldPassword -->
  <testcase name="AK_10_UpdateNewPasswordwithinvalidConfirmpassword" time="14.531" classname="com.app.akku.work.TestCases.AKKU_09_Editpwdinformation"/>
  <testcase name="AK_11_UpdateNewPasswordwithenteringinvalidOldpassword" time="17.504" classname="com.app.akku.work.TestCases.AKKU_09_Editpwdinformation"/>
  <testcase name="AK_12_UpdateNewPasswordWithEmptyPwdEmptyConfirmPwd" time="14.823" classname="com.app.akku.work.TestCases.AKKU_09_Editpwdinformation"/>
  <testcase name="AK_13_UpdatepasswordwithoutmatchingwithPasswordpolicy" time="14.969" classname="com.app.akku.work.TestCases.AKKU_09_Editpwdinformation"/>
  <testcase name="AK_14_UpdateNewPasswordWithSamevalueofnewpwdConfirmpwd" time="15.079" classname="com.app.akku.work.TestCases.AKKU_09_Editpwdinformation"/>
  <testcase name="AK_09_ChangeOldPasswordtoNewPassword" time="0.0" classname="com.app.akku.work.TestCases.AKKU_09_Editpwdinformation">
    <ignored/>
  </testcase> <!-- AK_09_ChangeOldPasswordtoNewPassword -->
  <testcase name="AK_06_VerificationofUserInfoinHomepageEditInfopage" time="0.0" classname="com.app.akku.work.TestCases.AKKU_09_Editpwdinformation">
    <ignored/>
  </testcase> <!-- AK_06_VerificationofUserInfoinHomepageEditInfopage -->
  <testcase name="AK_08_UpdateNewPasswordwithoutenteringOldpassword" time="0.0" classname="com.app.akku.work.TestCases.AKKU_09_Editpwdinformation">
    <ignored/>
  </testcase> <!-- AK_08_UpdateNewPasswordwithoutenteringOldpassword -->
</testsuite> <!-- Edit Information -->
