<?xml version="1.0" encoding="UTF-8"?>
<!-- Generated by org.testng.reporters.JUnitXMLReporter -->
<testsuite hostname="CN-D-027" ignored="1" name="Edit User" tests="1" failures="0" timestamp="20 Nov 2017 13:16:49 GMT" time="34.93" errors="0">
  <testcase name="addAdmin" time="30.066" classname="com.app.akku.work.TestCases.AKKU_47_AddsingleuserManually"/>
  <testcase name="AK_46_AddUsersManually" time="0.0" classname="com.app.akku.work.TestCases.AKKU_47_AddsingleuserManually">
    <ignored/>
  </testcase> <!-- AK_46_AddUsersManually -->
</testsuite> <!-- Edit User -->
