<?xml version="1.0" encoding="UTF-8"?>
<!-- Generated by org.testng.reporters.JUnitXMLReporter -->
<testsuite hostname="css02-Latitude-E6440" ignored="3" name="loginpageErrorMsgValidation" tests="1" failures="0" timestamp="30 Oct 2017 11:22:58 GMT" time="10.296" errors="0">
  <testcase name="loginwithvalidEmailANDEmptyPWD" time="3.766" classname="com.app.akku.work.TestCases.AKKU_01_LoginANDlogout"/>
  <testcase name="loginwithInvalidEmail" time="0.0" classname="com.app.akku.work.TestCases.AKKU_01_LoginANDlogout">
    <ignored/>
  </testcase> <!-- loginwithInvalidEmail -->
  <testcase name="validLogin" time="0.0" classname="com.app.akku.work.TestCases.AKKU_01_LoginANDlogout">
    <ignored/>
  </testcase> <!-- validLogin -->
  <testcase name="loginwithInvalidPWD" time="0.0" classname="com.app.akku.work.TestCases.AKKU_01_LoginANDlogout">
    <ignored/>
  </testcase> <!-- loginwithInvalidPWD -->
</testsuite> <!-- loginpageErrorMsgValidation -->
