<?xml version="1.0" encoding="UTF-8"?>
<!-- Generated by org.testng.reporters.JUnitXMLReporter -->
<testsuite hostname="css02-Latitude-E6440" ignored="0" name="Login and logout" tests="5" failures="0" timestamp="03 Nov 2017 04:42:08 GMT" time="44.884" errors="0">
  <testcase name="validLogin" time="7.11" classname="com.app.akku.work.TestCases.AKKU_01_LoginANDlogout"/>
  <testcase name="loginwithInvalidEmail" time="4.175" classname="com.app.akku.work.TestCases.AKKU_01_LoginANDlogout"/>
  <testcase name="loginwithInvalidPWD" time="4.208" classname="com.app.akku.work.TestCases.AKKU_01_LoginANDlogout"/>
  <testcase name="loginwithvalidEmailANDEmptyPWD" time="3.657" classname="com.app.akku.work.TestCases.AKKU_01_LoginANDlogout"/>
  <testcase name="loginwithEmptyEmailANDPWD" time="3.805" classname="com.app.akku.work.TestCases.AKKU_01_LoginANDlogout"/>
</testsuite> <!-- Login and logout -->
