<?xml version="1.0" encoding="UTF-8"?>
<!-- Generated by org.testng.reporters.JUnitXMLReporter -->
<testsuite hostname="CN-D-027" ignored="0" name="Login and logout in Chrome" tests="6" failures="1" timestamp="30 Nov 2017 04:48:49 GMT" time="98.925" errors="0">
  <testcase name="AK_01_ValidLogin" time="26.822" classname="com.app.akku.work.TestCases.AKKU_01_LoginANDlogout"/>
  <testcase name="AK_02_LoginWithValidEmailAndInvalidPassword" time="11.139" classname="com.app.akku.work.TestCases.AKKU_01_LoginANDlogout"/>
  <testcase name="AK_03_LoginwithValidUserNameandEmptyPassword" time="10.172" classname="com.app.akku.work.TestCases.AKKU_01_LoginANDlogout"/>
  <testcase name="AK_04_LoginwithinvalidUsernameandinvalidPassword" time="14.094" classname="com.app.akku.work.TestCases.AKKU_01_LoginANDlogout">
    <skipped/>
  </testcase> <!-- AK_04_LoginwithinvalidUsernameandinvalidPassword -->
  <testcase name="AK_04_LoginwithinvalidUsernameandinvalidPassword" time="10.601" classname="com.app.akku.work.TestCases.AKKU_01_LoginANDlogout">
    <failure type="java.lang.AssertionError" message="null">
      <![CDATA[java.lang.AssertionError: null
	at com.app.akku.work.TestCases.AKKU_01_LoginANDlogout.AK_04_LoginwithinvalidUsernameandinvalidPassword(AKKU_01_LoginANDlogout.java:222)
... Removed 27 stack frames]]>
    </failure>
  </testcase> <!-- AK_04_LoginwithinvalidUsernameandinvalidPassword -->
  <testcase name="AK_05_LoginwithemptyUsernameandValidPassword" time="10.592" classname="com.app.akku.work.TestCases.AKKU_01_LoginANDlogout"/>
</testsuite> <!-- Login and logout in Chrome -->
