<?xml version="1.0" encoding="UTF-8"?>
<!-- Generated by org.testng.reporters.JUnitXMLReporter -->
<testsuite hostname="css02-Latitude-E6440" ignored="0" name="LoginAndlogout_Chrome" tests="5" failures="1" timestamp="02 Nov 2017 10:40:09 GMT" time="60.036" errors="0">
  <testcase name="loginwithEmptyEmailANDPWD" time="5.227" classname="com.app.akku.work.TestCases.AKKU_01_LoginANDlogout"/>
  <testcase name="loginwithInvalidEmail" time="3.793" classname="com.app.akku.work.TestCases.AKKU_01_LoginANDlogout"/>
  <testcase name="loginwithInvalidPWD" time="3.686" classname="com.app.akku.work.TestCases.AKKU_01_LoginANDlogout"/>
  <testcase name="loginwithvalidEmailANDEmptyPWD" time="3.373" classname="com.app.akku.work.TestCases.AKKU_01_LoginANDlogout"/>
  <testcase name="validLogin" time="36.962" classname="com.app.akku.work.TestCases.AKKU_01_LoginANDlogout">
    <failure type="atu.testng.reports.exceptions.ATUReporterStepFailedException">
      <![CDATA[[ATU Custom Reporter Step Failed Exception]
	at atu.testng.reports.listeners.ATUReportsListener.onTestSuccess(Unknown Source)
	at java.util.concurrent.FutureTask.run(FutureTask.java:266)
	at java.util.concurrent.ThreadPoolExecutor.runWorker(ThreadPoolExecutor.java:1149)
	at java.util.concurrent.ThreadPoolExecutor$Worker.run(ThreadPoolExecutor.java:624)
	at java.lang.Thread.run(Thread.java:748)
... Removed 13 stack frames]]>
    </failure>
  </testcase> <!-- validLogin -->
</testsuite> <!-- LoginAndlogout_Chrome -->
