<?xml version="1.0" encoding="UTF-8"?>
<!-- Generated by org.testng.reporters.JUnitXMLReporter -->
<testsuite hostname="css02-Latitude-E6440" ignored="0" name="Login and logout In Firefox" tests="5" failures="0" timestamp="07 Nov 2017 12:52:01 GMT" time="70.083" errors="0">
  <testcase name="validLogin" time="6.604" classname="com.app.akku.work.TestCases.AKKU_01_LoginANDlogout"/>
  <testcase name="loginwithInvalidEmail" time="4.111" classname="com.app.akku.work.TestCases.AKKU_01_LoginANDlogout"/>
  <testcase name="loginwithInvalidPWD" time="5.062" classname="com.app.akku.work.TestCases.AKKU_01_LoginANDlogout"/>
  <testcase name="loginwithvalidEmailANDEmptyPWD" time="3.645" classname="com.app.akku.work.TestCases.AKKU_01_LoginANDlogout"/>
  <testcase name="loginwithEmptyEmailANDPWD" time="3.573" classname="com.app.akku.work.TestCases.AKKU_01_LoginANDlogout"/>
</testsuite> <!-- Login and logout In Firefox -->
