<?xml version="1.0" encoding="UTF-8"?>
<!-- Generated by org.testng.reporters.JUnitXMLReporter -->
<testsuite hostname="css02-Latitude-E6440" ignored="0" name="Login and logout in Chrome" tests="5" failures="0" timestamp="30 Nov 2017 05:24:28 GMT" time="145.675" errors="0">
  <testcase name="AK_01_ValidLogin" time="36.26" classname="com.app.akku.work.TestCases.AKKU_01_LoginANDlogout"/>
  <testcase name="AK_02_LoginWithValidEmailAndInvalidPassword" time="13.653" classname="com.app.akku.work.TestCases.AKKU_01_LoginANDlogout"/>
  <testcase name="AK_03_LoginwithValidUserNameandEmptyPassword" time="11.909" classname="com.app.akku.work.TestCases.AKKU_01_LoginANDlogout"/>
  <testcase name="AK_04_LoginwithinvalidUsernameandinvalidPassword" time="13.991" classname="com.app.akku.work.TestCases.AKKU_01_LoginANDlogout"/>
  <testcase name="AK_05_LoginwithemptyUsernameandValidPassword" time="46.11" classname="com.app.akku.work.TestCases.AKKU_01_LoginANDlogout"/>
</testsuite> <!-- Login and logout in Chrome -->
