<?xml version="1.0" encoding="UTF-8"?>
<!-- Generated by org.testng.reporters.JUnitXMLReporter -->
<testsuite hostname="css02-Latitude-E6440" ignored="4" name="login with Invalid PWD" tests="1" failures="0" timestamp="02 Nov 2017 12:43:17 GMT" time="10.443" errors="0">
  <testcase name="loginwithInvalidPWD" time="4.283" classname="com.app.akku.work.TestCases.AKKU_01_LoginANDlogout"/>
  <testcase name="loginwithInvalidEmail" time="0.0" classname="com.app.akku.work.TestCases.AKKU_01_LoginANDlogout">
    <ignored/>
  </testcase> <!-- loginwithInvalidEmail -->
  <testcase name="loginwithEmptyEmailANDPWD" time="0.0" classname="com.app.akku.work.TestCases.AKKU_01_LoginANDlogout">
    <ignored/>
  </testcase> <!-- loginwithEmptyEmailANDPWD -->
  <testcase name="loginwithvalidEmailANDEmptyPWD" time="0.0" classname="com.app.akku.work.TestCases.AKKU_01_LoginANDlogout">
    <ignored/>
  </testcase> <!-- loginwithvalidEmailANDEmptyPWD -->
  <testcase name="validLogin" time="0.0" classname="com.app.akku.work.TestCases.AKKU_01_LoginANDlogout">
    <ignored/>
  </testcase> <!-- validLogin -->
</testsuite> <!-- login with Invalid PWD -->
