<?xml version="1.0" encoding="UTF-8"?>
<!-- Generated by org.testng.reporters.JUnitXMLReporter -->
<testsuite hostname="css02-Latitude-E6440" ignored="4" name="login with Invalid Email" tests="1" failures="0" timestamp="02 Nov 2017 12:43:07 GMT" time="14.175" errors="0">
  <testcase name="loginwithInvalidEmail" time="4.978" classname="com.app.akku.work.TestCases.AKKU_01_LoginANDlogout"/>
  <testcase name="loginwithEmptyEmailANDPWD" time="0.0" classname="com.app.akku.work.TestCases.AKKU_01_LoginANDlogout">
    <ignored/>
  </testcase> <!-- loginwithEmptyEmailANDPWD -->
  <testcase name="loginwithvalidEmailANDEmptyPWD" time="0.0" classname="com.app.akku.work.TestCases.AKKU_01_LoginANDlogout">
    <ignored/>
  </testcase> <!-- loginwithvalidEmailANDEmptyPWD -->
  <testcase name="validLogin" time="0.0" classname="com.app.akku.work.TestCases.AKKU_01_LoginANDlogout">
    <ignored/>
  </testcase> <!-- validLogin -->
  <testcase name="loginwithInvalidPWD" time="0.0" classname="com.app.akku.work.TestCases.AKKU_01_LoginANDlogout">
    <ignored/>
  </testcase> <!-- loginwithInvalidPWD -->
</testsuite> <!-- login with Invalid Email -->
