<?xml version="1.0" encoding="UTF-8"?>
<!-- Generated by org.testng.reporters.JUnitXMLReporter -->
<testsuite hostname="CN-D-027" ignored="4" name="OU Management" tests="14" failures="5" timestamp="05 Dec 2017 09:03:39 GMT" time="573.185" errors="0">
  <testcase name="AK_52_AddValidNewOUwithParentCNT" time="21.84" classname="com.app.akku.work.TestCases.AK_52_Create_Edit_Delete_Assign_OU"/>
  <testcase name="AK_54_AddValidNewOUwithanyChildOU" time="56.149" classname="com.app.akku.work.TestCases.AK_52_Create_Edit_Delete_Assign_OU">
    <skipped/>
  </testcase> <!-- AK_54_AddValidNewOUwithanyChildOU -->
  <testcase name="AK_54_AddValidNewOUwithanyChildOU" time="23.248" classname="com.app.akku.work.TestCases.AK_52_Create_Edit_Delete_Assign_OU"/>
  <testcase name="AK_55_AddDuplicateOUundersameParentOU" time="43.731" classname="com.app.akku.work.TestCases.AK_52_Create_Edit_Delete_Assign_OU">
    <skipped/>
  </testcase> <!-- AK_55_AddDuplicateOUundersameParentOU -->
  <testcase name="AK_55_AddDuplicateOUundersameParentOU" time="46.652" classname="com.app.akku.work.TestCases.AK_52_Create_Edit_Delete_Assign_OU">
    <failure type="java.lang.AssertionError" message="null">
      <![CDATA[java.lang.AssertionError: null
	at com.app.akku.work.TestCases.AK_52_Create_Edit_Delete_Assign_OU.AK_55_AddDuplicateOUundersameParentOU(AK_52_Create_Edit_Delete_Assign_OU.java:234)
... Removed 27 stack frames]]>
    </failure>
  </testcase> <!-- AK_55_AddDuplicateOUundersameParentOU -->
  <testcase name="AK_56_AddDuplicateOUunderdifferentParentOU" time="41.331" classname="com.app.akku.work.TestCases.AK_52_Create_Edit_Delete_Assign_OU">
    <skipped/>
  </testcase> <!-- AK_56_AddDuplicateOUunderdifferentParentOU -->
  <testcase name="AK_56_AddDuplicateOUunderdifferentParentOU" time="15.088" classname="com.app.akku.work.TestCases.AK_52_Create_Edit_Delete_Assign_OU">
    <failure type="java.lang.AssertionError" message="null">
      <![CDATA[java.lang.AssertionError: null
	at com.app.akku.work.TestCases.AK_52_Create_Edit_Delete_Assign_OU.AK_56_AddDuplicateOUunderdifferentParentOU(AK_52_Create_Edit_Delete_Assign_OU.java:292)
... Removed 27 stack frames]]>
    </failure>
  </testcase> <!-- AK_56_AddDuplicateOUunderdifferentParentOU -->
  <testcase name="AK_59_AssignUsers" time="35.511" classname="com.app.akku.work.TestCases.AK_52_Create_Edit_Delete_Assign_OU">
    <skipped/>
  </testcase> <!-- AK_59_AssignUsers -->
  <testcase name="AK_59_AssignUsers" time="36.042" classname="com.app.akku.work.TestCases.AK_52_Create_Edit_Delete_Assign_OU">
    <failure type="java.lang.AssertionError" message="null">
      <![CDATA[java.lang.AssertionError: null
	at com.app.akku.work.TestCases.AK_52_Create_Edit_Delete_Assign_OU.AK_59_AssignUsers(AK_52_Create_Edit_Delete_Assign_OU.java:521)
... Removed 27 stack frames]]>
    </failure>
  </testcase> <!-- AK_59_AssignUsers -->
  <testcase name="AK_60_DeleteParentOUwhichhaveSubOUinOUManagementpage" time="13.15" classname="com.app.akku.work.TestCases.AK_52_Create_Edit_Delete_Assign_OU">
    <skipped/>
  </testcase> <!-- AK_60_DeleteParentOUwhichhaveSubOUinOUManagementpage -->
  <testcase name="AK_60_DeleteParentOUwhichhaveSubOUinOUManagementpage" time="12.441" classname="com.app.akku.work.TestCases.AK_52_Create_Edit_Delete_Assign_OU">
    <failure type="java.lang.AssertionError" message="null">
      <![CDATA[java.lang.AssertionError: null
	at com.app.akku.work.TestCases.AK_52_Create_Edit_Delete_Assign_OU.AK_60_DeleteParentOUwhichhaveSubOUinOUManagementpage(AK_52_Create_Edit_Delete_Assign_OU.java:628)
... Removed 27 stack frames]]>
    </failure>
  </testcase> <!-- AK_60_DeleteParentOUwhichhaveSubOUinOUManagementpage -->
  <testcase name="AK_61_DeleteOUwhichhaveuserinOUManagementpage" time="36.288" classname="com.app.akku.work.TestCases.AK_52_Create_Edit_Delete_Assign_OU">
    <skipped/>
  </testcase> <!-- AK_61_DeleteOUwhichhaveuserinOUManagementpage -->
  <testcase name="AK_61_DeleteOUwhichhaveuserinOUManagementpage" time="40.226" classname="com.app.akku.work.TestCases.AK_52_Create_Edit_Delete_Assign_OU">
    <failure type="java.lang.AssertionError" message="null">
      <![CDATA[java.lang.AssertionError: null
	at com.app.akku.work.TestCases.AK_52_Create_Edit_Delete_Assign_OU.AK_61_DeleteOUwhichhaveuserinOUManagementpage(AK_52_Create_Edit_Delete_Assign_OU.java:682)
... Removed 27 stack frames]]>
    </failure>
  </testcase> <!-- AK_61_DeleteOUwhichhaveuserinOUManagementpage -->
  <testcase name="DeleteCreatedOufromPage" time="21.565" classname="com.app.akku.work.TestCases.AK_52_Create_Edit_Delete_Assign_OU"/>
  <testcase name="AK_58_DeleteOUinOUManagementpage" time="0.0" classname="com.app.akku.work.TestCases.AK_52_Create_Edit_Delete_Assign_OU">
    <ignored/>
  </testcase> <!-- AK_58_DeleteOUinOUManagementpage -->
  <testcase name="AK_53_EditOUNamewithValidNameformat" time="0.0" classname="com.app.akku.work.TestCases.AK_52_Create_Edit_Delete_Assign_OU">
    <ignored/>
  </testcase> <!-- AK_53_EditOUNamewithValidNameformat -->
  <testcase name="AK_57_EditOUNamewithInvalidNameformat" time="0.0" classname="com.app.akku.work.TestCases.AK_52_Create_Edit_Delete_Assign_OU">
    <ignored/>
  </testcase> <!-- AK_57_EditOUNamewithInvalidNameformat -->
  <testcase name="RevertbackEditedOUNamewithValidNameformat" time="0.0" classname="com.app.akku.work.TestCases.AK_52_Create_Edit_Delete_Assign_OU">
    <ignored/>
  </testcase> <!-- RevertbackEditedOUNamewithValidNameformat -->
</testsuite> <!-- OU Management -->
