<?xml version="1.0" encoding="UTF-8"?>
<!-- Generated by org.testng.reporters.JUnitXMLReporter -->
<testsuite hostname="CN-D-027" ignored="6" name="Password Policy" tests="1" failures="0" timestamp="20 Nov 2017 13:05:44 GMT" time="20.622" errors="0">
  <testcase name="Updateoldpasswordpolicy" time="15.165" classname="com.app.akku.work.TestCases.AKKU_15_PasswordPolicy"/>
  <testcase name="AK_18_UpdatePasswordLengthwithvaliddata" time="0.0" classname="com.app.akku.work.TestCases.AKKU_15_PasswordPolicy">
    <ignored/>
  </testcase> <!-- AK_18_UpdatePasswordLengthwithvaliddata -->
  <testcase name="AK_19_VerifyifExpirationofPwdisdisplayedwhenEnablePwdExpiryRadiobtnChecked" time="0.0" classname="com.app.akku.work.TestCases.AKKU_15_PasswordPolicy">
    <ignored/>
  </testcase> <!-- AK_19_VerifyifExpirationofPwdisdisplayedwhenEnablePwdExpiryRadiobtnChecked -->
  <testcase name="AK_15_UpdatePwdpolicybyselectingonlyonePwdComplexity" time="0.0" classname="com.app.akku.work.TestCases.AKKU_15_PasswordPolicy">
    <ignored/>
  </testcase> <!-- AK_15_UpdatePwdpolicybyselectingonlyonePwdComplexity -->
  <testcase name="AK_16_UpdatePwdpolicybyselectingmorethanonePwdComplexity" time="0.0" classname="com.app.akku.work.TestCases.AKKU_15_PasswordPolicy">
    <ignored/>
  </testcase> <!-- AK_16_UpdatePwdpolicybyselectingmorethanonePwdComplexity -->
  <testcase name="AK_20_VerifyifExpirationofPwdishidehenEnablePwdExpiryRadioisunchecked" time="0.0" classname="com.app.akku.work.TestCases.AKKU_15_PasswordPolicy">
    <ignored/>
  </testcase> <!-- AK_20_VerifyifExpirationofPwdishidehenEnablePwdExpiryRadioisunchecked -->
  <testcase name="AK_17_UpdatePasswordLengthwithinvaliddata" time="0.0" classname="com.app.akku.work.TestCases.AKKU_15_PasswordPolicy">
    <ignored/>
  </testcase> <!-- AK_17_UpdatePasswordLengthwithinvaliddata -->
</testsuite> <!-- Password Policy -->
