<?xml version="1.0" encoding="UTF-8"?>
<!-- Generated by org.testng.reporters.JUnitXMLReporter -->
<testsuite hostname="CN-D-027" ignored="9" name="Password Policy" tests="8" failures="2" timestamp="05 Dec 2017 08:46:10 GMT" time="300.646" errors="0">
  <testcase name="AK_62_CreatenewparentOUandsetpasswordpolicy" time="33.622" classname="com.app.akku.work.TestCases.AKKU_15_PasswordPolicy"/>
  <testcase name="AK_63_CreatenewSubOUandsetpasswordpolicy" time="43.322" classname="com.app.akku.work.TestCases.AKKU_15_PasswordPolicy">
    <skipped/>
  </testcase> <!-- AK_63_CreatenewSubOUandsetpasswordpolicy -->
  <testcase name="AK_63_CreatenewSubOUandsetpasswordpolicy" time="38.651" classname="com.app.akku.work.TestCases.AKKU_15_PasswordPolicy"/>
  <testcase name="AK_64_UpdatepasswordpolicyforparentOU" time="24.849" classname="com.app.akku.work.TestCases.AKKU_15_PasswordPolicy">
    <skipped/>
  </testcase> <!-- AK_64_UpdatepasswordpolicyforparentOU -->
  <testcase name="AK_64_UpdatepasswordpolicyforparentOU" time="24.827" classname="com.app.akku.work.TestCases.AKKU_15_PasswordPolicy">
    <failure type="java.lang.AssertionError" message="null">
      <![CDATA[java.lang.AssertionError: null
	at com.app.akku.work.TestCases.AKKU_15_PasswordPolicy.AK_64_UpdatepasswordpolicyforparentOU(AKKU_15_PasswordPolicy.java:633)
... Removed 27 stack frames]]>
    </failure>
  </testcase> <!-- AK_64_UpdatepasswordpolicyforparentOU -->
  <testcase name="Ak_65_UpdatepasswordpolicyforChildOU" time="23.148" classname="com.app.akku.work.TestCases.AKKU_15_PasswordPolicy">
    <skipped/>
  </testcase> <!-- Ak_65_UpdatepasswordpolicyforChildOU -->
  <testcase name="Ak_65_UpdatepasswordpolicyforChildOU" time="21.658" classname="com.app.akku.work.TestCases.AKKU_15_PasswordPolicy">
    <failure type="java.lang.AssertionError" message="null">
      <![CDATA[java.lang.AssertionError: null
	at com.app.akku.work.TestCases.AKKU_15_PasswordPolicy.Ak_65_UpdatepasswordpolicyforChildOU(AKKU_15_PasswordPolicy.java:692)
... Removed 27 stack frames]]>
    </failure>
  </testcase> <!-- Ak_65_UpdatepasswordpolicyforChildOU -->
  <testcase name="DeleteCreatedOufromPage" time="20.944" classname="com.app.akku.work.TestCases.AKKU_15_PasswordPolicy"/>
  <testcase name="AK_18_UpdatePasswordLengthwithvaliddata" time="0.0" classname="com.app.akku.work.TestCases.AKKU_15_PasswordPolicy">
    <ignored/>
  </testcase> <!-- AK_18_UpdatePasswordLengthwithvaliddata -->
  <testcase name="AK_19_VerifyifExpirationofPwdisdisplayedwhenEnablePwdExpiryRadiobtnChecked" time="0.0" classname="com.app.akku.work.TestCases.AKKU_15_PasswordPolicy">
    <ignored/>
  </testcase> <!-- AK_19_VerifyifExpirationofPwdisdisplayedwhenEnablePwdExpiryRadiobtnChecked -->
  <testcase name="Ak_66_VerifyPasswordHelptextdisplaybasedonparentOUPasswordpolicydetails" time="0.0" classname="com.app.akku.work.TestCases.AKKU_15_PasswordPolicy">
    <ignored/>
  </testcase> <!-- Ak_66_VerifyPasswordHelptextdisplaybasedonparentOUPasswordpolicydetails -->
  <testcase name="AK_15_UpdatePwdpolicybyselectingonlyonePwdComplexity" time="0.0" classname="com.app.akku.work.TestCases.AKKU_15_PasswordPolicy">
    <ignored/>
  </testcase> <!-- AK_15_UpdatePwdpolicybyselectingonlyonePwdComplexity -->
  <testcase name="Ak_67_VerifyPasswordHelptextdisplaybasedonSubOUPasswordpolicydetails" time="0.0" classname="com.app.akku.work.TestCases.AKKU_15_PasswordPolicy">
    <ignored/>
  </testcase> <!-- Ak_67_VerifyPasswordHelptextdisplaybasedonSubOUPasswordpolicydetails -->
  <testcase name="AK_16_UpdatePwdpolicybyselectingmorethanonePwdComplexity" time="0.0" classname="com.app.akku.work.TestCases.AKKU_15_PasswordPolicy">
    <ignored/>
  </testcase> <!-- AK_16_UpdatePwdpolicybyselectingmorethanonePwdComplexity -->
  <testcase name="Updateoldpasswordpolicy" time="0.0" classname="com.app.akku.work.TestCases.AKKU_15_PasswordPolicy">
    <ignored/>
  </testcase> <!-- Updateoldpasswordpolicy -->
  <testcase name="AK_20_VerifyifExpirationofPwdishidehenEnablePwdExpiryRadioisunchecked" time="0.0" classname="com.app.akku.work.TestCases.AKKU_15_PasswordPolicy">
    <ignored/>
  </testcase> <!-- AK_20_VerifyifExpirationofPwdishidehenEnablePwdExpiryRadioisunchecked -->
  <testcase name="AK_17_UpdatePasswordLengthwithinvaliddata" time="0.0" classname="com.app.akku.work.TestCases.AKKU_15_PasswordPolicy">
    <ignored/>
  </testcase> <!-- AK_17_UpdatePasswordLengthwithinvaliddata -->
</testsuite> <!-- Password Policy -->
