<?xml version="1.0" encoding="UTF-8"?>
<!-- Generated by org.testng.reporters.JUnitXMLReporter -->
<testsuite hostname="CN-D-027" ignored="0" name="Site Blocking" tests="11" failures="0" timestamp="20 Nov 2017 13:05:23 GMT" time="322.725" errors="0">
  <testcase name="AK_21_AddDuplicateSiteUrlwithvalidSiteDescription" time="20.842" classname="com.app.akku.work.TestCases.AKKU_26_Siteblocking"/>
  <testcase name="AK_22_ClickonAddSitewithoutEnteringanyDatainUrlDesctextfield" time="26.411" classname="com.app.akku.work.TestCases.AKKU_26_Siteblocking"/>
  <testcase name="AK_23_AddInvalidSiteUrlandvalidSiteDescriptioninSiteBlocking" time="14.854" classname="com.app.akku.work.TestCases.AKKU_26_Siteblocking"/>
  <testcase name="AK_24_AddValidSiteUrlandInvalidSiteDescriptioninSiteBlocking" time="14.476" classname="com.app.akku.work.TestCases.AKKU_26_Siteblocking"/>
  <testcase name="AK_25_BlockingaSitewithValidSitedetails" time="33.503" classname="com.app.akku.work.TestCases.AKKU_26_Siteblocking"/>
  <testcase name="AK_26_EditSiteDetailsandsaveitbyRemovingurlDescriptiondetails" time="17.707" classname="com.app.akku.work.TestCases.AKKU_26_Siteblocking"/>
  <testcase name="AK_27_EditSiteDetailsandsaveitbyDuplicateurlValidDescriptiondetails" time="17.229" classname="com.app.akku.work.TestCases.AKKU_26_Siteblocking"/>
  <testcase name="AK_28_EditSiteDetailsandsaveitbyvalidsiteurlemptysiteDescription" time="17.167" classname="com.app.akku.work.TestCases.AKKU_26_Siteblocking"/>
  <testcase name="AK_29_EditSiteDetailsandsaveitbyvalidsiteurlvalidsiteDescription" time="45.263" classname="com.app.akku.work.TestCases.AKKU_26_Siteblocking"/>
  <testcase name="AK_30_EditSiteDetailsandsaveitbyInvalidsiteurlvalidsiteDescription" time="16.356" classname="com.app.akku.work.TestCases.AKKU_26_Siteblocking"/>
  <testcase name="AK_31_DeleteOneSiteURLfromsiteBlockedlist" time="40.483" classname="com.app.akku.work.TestCases.AKKU_26_Siteblocking"/>
</testsuite> <!-- Site Blocking -->
