<?xml version="1.0" encoding="UTF-8"?>
<!-- Generated by org.testng.reporters.JUnitXMLReporter -->
<testsuite hostname="CN-D-027" ignored="9" name="Site Blocking" tests="2" failures="0" timestamp="05 Dec 2017 08:41:10 GMT" time="51.782" errors="0">
  <testcase name="AK_25_BlockingaSitewithValidSitedetails" time="18.616" classname="com.app.akku.work.TestCases.AKKU_26_Siteblocking"/>
  <testcase name="AK_31_DeleteOneSiteURLfromsiteBlockedlist" time="18.198" classname="com.app.akku.work.TestCases.AKKU_26_Siteblocking"/>
  <testcase name="AK_29_EditSiteDetailsandsaveitbyvalidsiteurlvalidsiteDescription" time="0.0" classname="com.app.akku.work.TestCases.AKKU_26_Siteblocking">
    <ignored/>
  </testcase> <!-- AK_29_EditSiteDetailsandsaveitbyvalidsiteurlvalidsiteDescription -->
  <testcase name="AK_27_EditSiteDetailsandsaveitbyDuplicateurlValidDescriptiondetails" time="0.0" classname="com.app.akku.work.TestCases.AKKU_26_Siteblocking">
    <ignored/>
  </testcase> <!-- AK_27_EditSiteDetailsandsaveitbyDuplicateurlValidDescriptiondetails -->
  <testcase name="AK_24_AddValidSiteUrlandInvalidSiteDescriptioninSiteBlocking" time="0.0" classname="com.app.akku.work.TestCases.AKKU_26_Siteblocking">
    <ignored/>
  </testcase> <!-- AK_24_AddValidSiteUrlandInvalidSiteDescriptioninSiteBlocking -->
  <testcase name="AK_21_AddDuplicateSiteUrlwithvalidSiteDescription" time="0.0" classname="com.app.akku.work.TestCases.AKKU_26_Siteblocking">
    <ignored/>
  </testcase> <!-- AK_21_AddDuplicateSiteUrlwithvalidSiteDescription -->
  <testcase name="AK_30_EditSiteDetailsandsaveitbyInvalidsiteurlvalidsiteDescription" time="0.0" classname="com.app.akku.work.TestCases.AKKU_26_Siteblocking">
    <ignored/>
  </testcase> <!-- AK_30_EditSiteDetailsandsaveitbyInvalidsiteurlvalidsiteDescription -->
  <testcase name="AK_23_AddInvalidSiteUrlandvalidSiteDescriptioninSiteBlocking" time="0.0" classname="com.app.akku.work.TestCases.AKKU_26_Siteblocking">
    <ignored/>
  </testcase> <!-- AK_23_AddInvalidSiteUrlandvalidSiteDescriptioninSiteBlocking -->
  <testcase name="AK_26_EditSiteDetailsandsaveitbyRemovingurlDescriptiondetails" time="0.0" classname="com.app.akku.work.TestCases.AKKU_26_Siteblocking">
    <ignored/>
  </testcase> <!-- AK_26_EditSiteDetailsandsaveitbyRemovingurlDescriptiondetails -->
  <testcase name="AK_22_ClickonAddSitewithoutEnteringanyDatainUrlDesctextfield" time="0.0" classname="com.app.akku.work.TestCases.AKKU_26_Siteblocking">
    <ignored/>
  </testcase> <!-- AK_22_ClickonAddSitewithoutEnteringanyDatainUrlDesctextfield -->
  <testcase name="AK_28_EditSiteDetailsandsaveitbyvalidsiteurlemptysiteDescription" time="0.0" classname="com.app.akku.work.TestCases.AKKU_26_Siteblocking">
    <ignored/>
  </testcase> <!-- AK_28_EditSiteDetailsandsaveitbyvalidsiteurlemptysiteDescription -->
</testsuite> <!-- Site Blocking -->
