<?xml version="1.0" encoding="UTF-8"?>
<!-- Generated by org.testng.reporters.JUnitXMLReporter -->
<testsuite hostname="CN-D-027" ignored="8" name="User Management" tests="9" failures="1" timestamp="05 Dec 2017 08:51:28 GMT" time="318.178" errors="0">
  <testcase name="AK_37_SuspendUserfromUserManagementpage" time="21.076" classname="com.app.akku.work.TestCases.AKKU_33_Edit_Delete_Suspend_Activity_Users"/>
  <testcase name="AK_38_DeleteUserfromUserManagementpage" time="25.725" classname="com.app.akku.work.TestCases.AKKU_33_Edit_Delete_Suspend_Activity_Users"/>
  <testcase name="AK_43_ResetPasswordfromUserListwithvalidpassword" time="23.364" classname="com.app.akku.work.TestCases.AKKU_33_Edit_Delete_Suspend_Activity_Users"/>
  <testcase name="AK_45_ResetPasswordandChangePasswordinNextLogin" time="7.364" classname="com.app.akku.work.TestCases.AKKU_33_Edit_Delete_Suspend_Activity_Users">
    <skipped/>
  </testcase> <!-- AK_45_ResetPasswordandChangePasswordinNextLogin -->
  <testcase name="AK_45_ResetPasswordandChangePasswordinNextLogin" time="38.764" classname="com.app.akku.work.TestCases.AKKU_33_Edit_Delete_Suspend_Activity_Users"/>
  <testcase name="AK_47_Searchuserfromuserlistusingvalidkeyword" time="23.999" classname="com.app.akku.work.TestCases.AKKU_33_Edit_Delete_Suspend_Activity_Users"/>
  <testcase name="AK_49_VerifyLastLogindatetimeinuserList" time="23.44" classname="com.app.akku.work.TestCases.AKKU_33_Edit_Delete_Suspend_Activity_Users"/>
  <testcase name="AK_44_SelectmultipleuserfromuserlistandVerifyActionbuttons" time="30.984" classname="com.app.akku.work.TestCases.AKKU_33_Edit_Delete_Suspend_Activity_Users">
    <skipped/>
  </testcase> <!-- AK_44_SelectmultipleuserfromuserlistandVerifyActionbuttons -->
  <testcase name="AK_44_SelectmultipleuserfromuserlistandVerifyActionbuttons" time="32.081" classname="com.app.akku.work.TestCases.AKKU_33_Edit_Delete_Suspend_Activity_Users">
    <failure type="java.lang.AssertionError" message="null">
      <![CDATA[java.lang.AssertionError: null
	at com.app.akku.work.TestCases.AKKU_33_Edit_Delete_Suspend_Activity_Users.AK_44_SelectmultipleuserfromuserlistandVerifyActionbuttons(AKKU_33_Edit_Delete_Suspend_Activity_Users.java:551)
... Removed 27 stack frames]]>
    </failure>
  </testcase> <!-- AK_44_SelectmultipleuserfromuserlistandVerifyActionbuttons -->
  <testcase name="AK_36_EditUserDetailswithinvalidEmailIDformat" time="0.0" classname="com.app.akku.work.TestCases.AKKU_33_Edit_Delete_Suspend_Activity_Users">
    <ignored/>
  </testcase> <!-- AK_36_EditUserDetailswithinvalidEmailIDformat -->
  <testcase name="AK_50_ViewUserdetailsbyselectingFullNameLinkText" time="0.0" classname="com.app.akku.work.TestCases.AKKU_33_Edit_Delete_Suspend_Activity_Users">
    <ignored/>
  </testcase> <!-- AK_50_ViewUserdetailsbyselectingFullNameLinkText -->
  <testcase name="AK_35_EditUserDetailsinUserManagementpagewithInvaliddata" time="0.0" classname="com.app.akku.work.TestCases.AKKU_33_Edit_Delete_Suspend_Activity_Users">
    <ignored/>
  </testcase> <!-- AK_35_EditUserDetailsinUserManagementpagewithInvaliddata -->
  <testcase name="AK_48_Searchuserfromuserlistusinginvalidkeyword" time="0.0" classname="com.app.akku.work.TestCases.AKKU_33_Edit_Delete_Suspend_Activity_Users">
    <ignored/>
  </testcase> <!-- AK_48_Searchuserfromuserlistusinginvalidkeyword -->
  <testcase name="AK_40_ResetUserPasswordwithinvalidpasswordpolicy" time="0.0" classname="com.app.akku.work.TestCases.AKKU_33_Edit_Delete_Suspend_Activity_Users">
    <ignored/>
  </testcase> <!-- AK_40_ResetUserPasswordwithinvalidpasswordpolicy -->
  <testcase name="AK_42_ResetNewpasswordwithnotmatchingwithConfirmPassword" time="0.0" classname="com.app.akku.work.TestCases.AKKU_33_Edit_Delete_Suspend_Activity_Users">
    <ignored/>
  </testcase> <!-- AK_42_ResetNewpasswordwithnotmatchingwithConfirmPassword -->
  <testcase name="AK_33_EditUserinformationinuserManagementpagewithvaliddata" time="0.0" classname="com.app.akku.work.TestCases.AKKU_33_Edit_Delete_Suspend_Activity_Users">
    <ignored/>
  </testcase> <!-- AK_33_EditUserinformationinuserManagementpagewithvaliddata -->
  <testcase name="AK_51_UserlistcountinapagebasedonShowCountselected" time="0.0" classname="com.app.akku.work.TestCases.AKKU_33_Edit_Delete_Suspend_Activity_Users">
    <ignored/>
  </testcase> <!-- AK_51_UserlistcountinapagebasedonShowCountselected -->
</testsuite> <!-- User Management -->
