<?xml version="1.0" encoding="UTF-8"?>
<!-- Generated by org.testng.reporters.JUnitXMLReporter -->
<testsuite hostname="CN-D-027" ignored="0" name="User Management" tests="15" failures="1" timestamp="20 Nov 2017 13:14:23 GMT" time="518.953" errors="0">
  <testcase name="Akku_33_EditUsermanagementwithvaliddata" time="31.364" classname="com.app.akku.work.TestCases.AKKU_33_Edit_Delete_Suspend_Activity_Users"/>
  <testcase name="Akku_34_EditUsermanagementwithEmptyEmailId" time="39.298" classname="com.app.akku.work.TestCases.AKKU_33_Edit_Delete_Suspend_Activity_Users"/>
  <testcase name="Akku_35_EditUsermanagementwithinvaliddata" time="18.876" classname="com.app.akku.work.TestCases.AKKU_33_Edit_Delete_Suspend_Activity_Users"/>
  <testcase name="Akku_36_SuspendUserfromUserManagementgrid" time="20.304" classname="com.app.akku.work.TestCases.AKKU_33_Edit_Delete_Suspend_Activity_Users"/>
  <testcase name="Akku_37_DeleteUserfromUserManagementgrid" time="20.061" classname="com.app.akku.work.TestCases.AKKU_33_Edit_Delete_Suspend_Activity_Users"/>
  <testcase name="Akku_38_Resetwithinvalidpasswordpolicy" time="16.771" classname="com.app.akku.work.TestCases.AKKU_33_Edit_Delete_Suspend_Activity_Users"/>
  <testcase name="Akku_39_Resetwithdifferentconfirmpwd" time="16.197" classname="com.app.akku.work.TestCases.AKKU_33_Edit_Delete_Suspend_Activity_Users"/>
  <testcase name="Akku_40_Resetwithvalidpwd" time="16.104" classname="com.app.akku.work.TestCases.AKKU_33_Edit_Delete_Suspend_Activity_Users"/>
  <testcase name="Akku_41_ChangePasswordinNextLogin" time="54.396" classname="com.app.akku.work.TestCases.AKKU_33_Edit_Delete_Suspend_Activity_Users">
    <failure type="java.lang.AssertionError" message="expected [Successfully Password Reseted] but found [null]">
      <![CDATA[java.lang.AssertionError: expected [Successfully Password Reseted] but found [null]
	at com.app.akku.work.pageobjects.usermanagement.EditUserfromUserManagement.ValidateSuccessfullyresetmsg(EditUserfromUserManagement.java:526)
	at com.app.akku.work.TestCases.AKKU_33_Edit_Delete_Suspend_Activity_Users.Akku_41_ChangePasswordinNextLogin(AKKU_33_Edit_Delete_Suspend_Activity_Users.java:513)
... Removed 31 stack frames]]>
    </failure>
  </testcase> <!-- Akku_41_ChangePasswordinNextLogin -->
  <testcase name="Akku_42_Searchuserfromuserlistusingvalidkeyword" time="24.729" classname="com.app.akku.work.TestCases.AKKU_33_Edit_Delete_Suspend_Activity_Users"/>
  <testcase name="Akku_43_Searchuserfromuserlistusinginvalidkeyword" time="24.424" classname="com.app.akku.work.TestCases.AKKU_33_Edit_Delete_Suspend_Activity_Users"/>
  <testcase name="Akku_44_Userlistcountbasedonshowdropdown" time="56.449" classname="com.app.akku.work.TestCases.AKKU_33_Edit_Delete_Suspend_Activity_Users"/>
  <testcase name="Akku_45_UserdetailsbyselectingFullNameLinkText" time="23.564" classname="com.app.akku.work.TestCases.AKKU_33_Edit_Delete_Suspend_Activity_Users"/>
  <testcase name="Akku_46_VerifyLastLogindatetimeinuserList" time="22.825" classname="com.app.akku.work.TestCases.AKKU_33_Edit_Delete_Suspend_Activity_Users"/>
  <testcase name="Akku_50_VerifyActionbuttondisplay" time="52.648" classname="com.app.akku.work.TestCases.AKKU_33_Edit_Delete_Suspend_Activity_Users"/>
</testsuite> <!-- User Management -->
