<?xml version="1.0" encoding="UTF-8"?>
<!-- Generated by org.testng.reporters.JUnitXMLReporter -->
<testsuite hostname="CN-D-027" ignored="0" name="Default test" tests="11" failures="0" timestamp="20 Nov 2017 07:46:16 GMT" time="1.21" errors="0">
  <testcase name="@BeforeMethod setup" time="0.0" classname="com.app.akku.work.common.Browser_Setup">
    <failure type="org.testng.TestNGException" message="
Parameter &amp;apos;Environment&amp;apos; is required by BeforeMethod on method setup but has not been marked @Optional or defined
in C:\Users\Dell\AppData\Local\Temp\testng-eclipse--1895261226\testng-customsuite.xml">
      <![CDATA[org.testng.TestNGException: 
Parameter 'Environment' is required by BeforeMethod on method setup but has not been marked @Optional or defined
in C:\Users\Dell\AppData\Local\Temp\testng-eclipse--1895261226\testng-customsuite.xml
	at org.testng.internal.Parameters.createParameters(Parameters.java:199)
	at org.testng.internal.Parameters.createParameters(Parameters.java:443)
	at org.testng.internal.Parameters.createConfigurationParameters(Parameters.java:118)
	at org.testng.internal.Invoker.invokeConfigurations(Invoker.java:206)
	at org.testng.internal.Invoker.invokeMethod(Invoker.java:599)
	at org.testng.internal.Invoker.invokeTestMethod(Invoker.java:869)
	at org.testng.internal.Invoker.invokeTestMethods(Invoker.java:1193)
	at org.testng.internal.TestMethodWorker.invokeTestMethods(TestMethodWorker.java:126)
	at org.testng.internal.TestMethodWorker.run(TestMethodWorker.java:109)
	at org.testng.TestRunner.privateRun(TestRunner.java:744)
	at org.testng.TestRunner.run(TestRunner.java:602)
	at org.testng.SuiteRunner.runTest(SuiteRunner.java:380)
	at org.testng.SuiteRunner.runSequentially(SuiteRunner.java:375)
	at org.testng.SuiteRunner.privateRun(SuiteRunner.java:340)
	at org.testng.SuiteRunner.run(SuiteRunner.java:289)
	at org.testng.SuiteRunnerWorker.runSuite(SuiteRunnerWorker.java:52)
	at org.testng.SuiteRunnerWorker.run(SuiteRunnerWorker.java:86)
	at org.testng.TestNG.runSuitesSequentially(TestNG.java:1301)
	at org.testng.TestNG.runSuitesLocally(TestNG.java:1226)
	at org.testng.TestNG.runSuites(TestNG.java:1144)
	at org.testng.TestNG.run(TestNG.java:1115)
	at org.testng.remote.AbstractRemoteTestNG.run(AbstractRemoteTestNG.java:132)
	at org.testng.remote.RemoteTestNG.initAndRun(RemoteTestNG.java:230)
	at org.testng.remote.RemoteTestNG.main(RemoteTestNG.java:76)
]]>
    </failure>
  </testcase> <!-- @BeforeMethod setup -->
  <testcase name="@BeforeMethod setup" time="0.0" classname="com.app.akku.work.common.Browser_Setup">
    <skipped/>
  </testcase> <!-- @BeforeMethod setup -->
  <testcase name="@BeforeMethod setup" time="0.0" classname="com.app.akku.work.common.Browser_Setup">
    <skipped/>
  </testcase> <!-- @BeforeMethod setup -->
  <testcase name="@BeforeMethod setup" time="0.0" classname="com.app.akku.work.common.Browser_Setup">
    <skipped/>
  </testcase> <!-- @BeforeMethod setup -->
  <testcase name="@BeforeMethod setup" time="0.0" classname="com.app.akku.work.common.Browser_Setup">
    <skipped/>
  </testcase> <!-- @BeforeMethod setup -->
  <testcase name="@BeforeMethod setup" time="0.0" classname="com.app.akku.work.common.Browser_Setup">
    <skipped/>
  </testcase> <!-- @BeforeMethod setup -->
  <testcase name="@BeforeMethod setup" time="0.0" classname="com.app.akku.work.common.Browser_Setup">
    <skipped/>
  </testcase> <!-- @BeforeMethod setup -->
  <testcase name="@BeforeMethod setup" time="0.0" classname="com.app.akku.work.common.Browser_Setup">
    <skipped/>
  </testcase> <!-- @BeforeMethod setup -->
  <testcase name="@BeforeMethod setup" time="0.0" classname="com.app.akku.work.common.Browser_Setup">
    <skipped/>
  </testcase> <!-- @BeforeMethod setup -->
  <testcase name="@BeforeMethod setup" time="0.0" classname="com.app.akku.work.common.Browser_Setup">
    <skipped/>
  </testcase> <!-- @BeforeMethod setup -->
  <testcase name="@BeforeMethod setup" time="0.0" classname="com.app.akku.work.common.Browser_Setup">
    <skipped/>
  </testcase> <!-- @BeforeMethod setup -->
  <testcase name="@AfterTest teardown" time="0.0" classname="com.app.akku.work.TestCases.AKKU_26_Siteblocking">
    <skipped/>
  </testcase> <!-- @AfterTest teardown -->
  <testcase name="AK_21_AddDuplicateSiteUrlwithvalidSiteDescription" time="0.001" classname="com.app.akku.work.TestCases.AKKU_26_Siteblocking">
    <skipped/>
  </testcase> <!-- AK_21_AddDuplicateSiteUrlwithvalidSiteDescription -->
  <testcase name="AK_22_ClickonAddSitewithoutEnteringanyDatainUrlDesctextfield" time="0.0" classname="com.app.akku.work.TestCases.AKKU_26_Siteblocking">
    <skipped/>
  </testcase> <!-- AK_22_ClickonAddSitewithoutEnteringanyDatainUrlDesctextfield -->
  <testcase name="AK_23_AddInvalidSiteUrlandvalidSiteDescriptioninSiteBlocking" time="0.0" classname="com.app.akku.work.TestCases.AKKU_26_Siteblocking">
    <skipped/>
  </testcase> <!-- AK_23_AddInvalidSiteUrlandvalidSiteDescriptioninSiteBlocking -->
  <testcase name="AK_24_AddValidSiteUrlandInvalidSiteDescriptioninSiteBlocking" time="0.0" classname="com.app.akku.work.TestCases.AKKU_26_Siteblocking">
    <skipped/>
  </testcase> <!-- AK_24_AddValidSiteUrlandInvalidSiteDescriptioninSiteBlocking -->
  <testcase name="AK_25_BlockingaSitewithValidSitedetails" time="0.001" classname="com.app.akku.work.TestCases.AKKU_26_Siteblocking">
    <skipped/>
  </testcase> <!-- AK_25_BlockingaSitewithValidSitedetails -->
  <testcase name="AK_26_EditSiteDetailsandsaveitbyRemovingurlDescriptiondetails" time="0.0" classname="com.app.akku.work.TestCases.AKKU_26_Siteblocking">
    <skipped/>
  </testcase> <!-- AK_26_EditSiteDetailsandsaveitbyRemovingurlDescriptiondetails -->
  <testcase name="AK_27_EditSiteDetailsandsaveitbyDuplicateurlValidDescriptiondetails" time="0.0" classname="com.app.akku.work.TestCases.AKKU_26_Siteblocking">
    <skipped/>
  </testcase> <!-- AK_27_EditSiteDetailsandsaveitbyDuplicateurlValidDescriptiondetails -->
  <testcase name="AK_28_EditSiteDetailsandsaveitbyvalidsiteurlemptysiteDescription" time="0.0" classname="com.app.akku.work.TestCases.AKKU_26_Siteblocking">
    <skipped/>
  </testcase> <!-- AK_28_EditSiteDetailsandsaveitbyvalidsiteurlemptysiteDescription -->
  <testcase name="AK_29_EditSiteDetailsandsaveitbyvalidsiteurlvalidsiteDescription" time="0.0" classname="com.app.akku.work.TestCases.AKKU_26_Siteblocking">
    <skipped/>
  </testcase> <!-- AK_29_EditSiteDetailsandsaveitbyvalidsiteurlvalidsiteDescription -->
  <testcase name="AK_30_EditSiteDetailsandsaveitbyInvalidsiteurlvalidsiteDescription" time="0.0" classname="com.app.akku.work.TestCases.AKKU_26_Siteblocking">
    <skipped/>
  </testcase> <!-- AK_30_EditSiteDetailsandsaveitbyInvalidsiteurlvalidsiteDescription -->
  <testcase name="AK_31_DeleteOneSiteURLfromsiteBlockedlist" time="0.0" classname="com.app.akku.work.TestCases.AKKU_26_Siteblocking">
    <skipped/>
  </testcase> <!-- AK_31_DeleteOneSiteURLfromsiteBlockedlist -->
</testsuite> <!-- Default test -->
