<?xml version="1.0" encoding="UTF-8"?>
<testng-results skipped="0" failed="0" ignored="4" total="5" passed="1">
  <reporter-output>
  </reporter-output>
  <suite name="AKKU_Sanity" duration-ms="34167" started-at="2017-11-24T11:31:12Z" finished-at="2017-11-24T11:31:46Z">
    <groups>
    </groups>
    <test name="Login and logout in Chrome" duration-ms="34167" started-at="2017-11-24T11:31:12Z" finished-at="2017-11-24T11:31:46Z">
      <class name="com.app.akku.work.TestCases.AKKU_01_LoginANDlogout">
        <test-method status="PASS" signature="setup(java.lang.String, java.lang.String)[pri:0, instance:com.app.akku.work.TestCases.AKKU_01_LoginANDlogout@4b4523f8]" name="setup" is-config="true" duration-ms="6403" started-at="2017-11-24T17:01:13Z" finished-at="2017-11-24T17:01:19Z">
          <params>
            <param index="0">
              <value>
                <![CDATA[http://pre-prod.akku.work/]]>
              </value>
            </param>
            <param index="1">
              <value>
                <![CDATA[W_chrome]]>
              </value>
            </param>
          </params>
          <reporter-output>
          </reporter-output>
        </test-method> <!-- setup -->
        <test-method status="PASS" signature="AK_01_ValidLogin(java.lang.String, java.lang.String)[pri:0, instance:com.app.akku.work.TestCases.AKKU_01_LoginANDlogout@4b4523f8]" name="AK_01_ValidLogin" duration-ms="26445" started-at="2017-11-24T17:01:19Z" data-provider="Login_Details" finished-at="2017-11-24T17:01:46Z">
          <params>
            <param index="0">
              <value>
                <![CDATA[qa@demo.cloudnowtech.com]]>
              </value>
            </param>
            <param index="1">
              <value>
                <![CDATA[password1]]>
              </value>
            </param>
          </params>
          <reporter-output>
          </reporter-output>
        </test-method> <!-- AK_01_ValidLogin -->
        <test-method status="PASS" signature="tearDown(org.testng.ITestResult)[pri:0, instance:com.app.akku.work.TestCases.AKKU_01_LoginANDlogout@4b4523f8]" name="tearDown" is-config="true" duration-ms="746" started-at="2017-11-24T17:01:46Z" finished-at="2017-11-24T17:01:46Z">
          <params>
            <param index="0">
              <value>
                <![CDATA[[TestResult name=AK_01_ValidLogin status=SUCCESS method=AKKU_01_LoginANDlogout.AK_01_ValidLogin(java.lang.String, java.lang.String)[pri:0, instance:com.app.akku.work.TestCases.AKKU_01_LoginANDlogout@4b4523f8] output={null}]]]>
              </value>
            </param>
          </params>
          <reporter-output>
          </reporter-output>
        </test-method> <!-- tearDown -->
        <test-method status="PASS" signature="teardown()[pri:0, instance:com.app.akku.work.TestCases.AKKU_01_LoginANDlogout@4b4523f8]" name="teardown" is-config="true" duration-ms="1" started-at="2017-11-24T17:01:46Z" finished-at="2017-11-24T17:01:46Z">
          <reporter-output>
          </reporter-output>
        </test-method> <!-- teardown -->
      </class> <!-- com.app.akku.work.TestCases.AKKU_01_LoginANDlogout -->
    </test> <!-- Login and logout in Chrome -->
  </suite> <!-- AKKU_Sanity -->
</testng-results>
