<?xml version="1.0" encoding="UTF-8"?>
<!-- Generated by org.testng.reporters.JUnitXMLReporter -->
<testsuite hostname="CN-D-027" ignored="13" name="Edit User" tests="2" failures="0" timestamp="11 Dec 2017 10:26:15 GMT" time="54.454" errors="0">
  <testcase name="AK_49_VerifyLastLogindatetimeinuserList" time="18.248" classname="com.app.akku.work.TestCases.AKKU_33_Edit_Delete_Suspend_Activity_Users"/>
  <testcase name="AK_44_SelectmultipleuserfromuserlistandVerifyActionbuttons" time="23.137" classname="com.app.akku.work.TestCases.AKKU_33_Edit_Delete_Suspend_Activity_Users"/>
  <testcase name="AK_36_EditUserDetailswithinvalidEmailIDformat" time="0.0" classname="com.app.akku.work.TestCases.AKKU_33_Edit_Delete_Suspend_Activity_Users">
    <ignored/>
  </testcase> <!-- AK_36_EditUserDetailswithinvalidEmailIDformat -->
  <testcase name="AK_45_ResetPasswordandChangePasswordinNextLogin" time="0.0" classname="com.app.akku.work.TestCases.AKKU_33_Edit_Delete_Suspend_Activity_Users">
    <ignored/>
  </testcase> <!-- AK_45_ResetPasswordandChangePasswordinNextLogin -->
  <testcase name="AK_47_Searchuserfromuserlistusingvalidkeyword" time="0.0" classname="com.app.akku.work.TestCases.AKKU_33_Edit_Delete_Suspend_Activity_Users">
    <ignored/>
  </testcase> <!-- AK_47_Searchuserfromuserlistusingvalidkeyword -->
  <testcase name="AK_43_ResetPasswordfromUserListwithvalidpassword" time="0.0" classname="com.app.akku.work.TestCases.AKKU_33_Edit_Delete_Suspend_Activity_Users">
    <ignored/>
  </testcase> <!-- AK_43_ResetPasswordfromUserListwithvalidpassword -->
  <testcase name="AK_50_ViewUserdetailsbyselectingFullNameLinkText" time="0.0" classname="com.app.akku.work.TestCases.AKKU_33_Edit_Delete_Suspend_Activity_Users">
    <ignored/>
  </testcase> <!-- AK_50_ViewUserdetailsbyselectingFullNameLinkText -->
  <testcase name="AK_37_SuspendUserfromUserManagementpage" time="0.0" classname="com.app.akku.work.TestCases.AKKU_33_Edit_Delete_Suspend_Activity_Users">
    <ignored/>
  </testcase> <!-- AK_37_SuspendUserfromUserManagementpage -->
  <testcase name="AK_38_DeleteUserfromUserManagementpage" time="0.0" classname="com.app.akku.work.TestCases.AKKU_33_Edit_Delete_Suspend_Activity_Users">
    <ignored/>
  </testcase> <!-- AK_38_DeleteUserfromUserManagementpage -->
  <testcase name="AK_35_EditUserDetailsinUserManagementpagewithInvaliddata" time="0.0" classname="com.app.akku.work.TestCases.AKKU_33_Edit_Delete_Suspend_Activity_Users">
    <ignored/>
  </testcase> <!-- AK_35_EditUserDetailsinUserManagementpagewithInvaliddata -->
  <testcase name="AK_48_Searchuserfromuserlistusinginvalidkeyword" time="0.0" classname="com.app.akku.work.TestCases.AKKU_33_Edit_Delete_Suspend_Activity_Users">
    <ignored/>
  </testcase> <!-- AK_48_Searchuserfromuserlistusinginvalidkeyword -->
  <testcase name="AK_40_ResetUserPasswordwithinvalidpasswordpolicy" time="0.0" classname="com.app.akku.work.TestCases.AKKU_33_Edit_Delete_Suspend_Activity_Users">
    <ignored/>
  </testcase> <!-- AK_40_ResetUserPasswordwithinvalidpasswordpolicy -->
  <testcase name="AK_42_ResetNewpasswordwithnotmatchingwithConfirmPassword" time="0.0" classname="com.app.akku.work.TestCases.AKKU_33_Edit_Delete_Suspend_Activity_Users">
    <ignored/>
  </testcase> <!-- AK_42_ResetNewpasswordwithnotmatchingwithConfirmPassword -->
  <testcase name="AK_33_EditUserinformationinuserManagementpagewithvaliddata" time="0.0" classname="com.app.akku.work.TestCases.AKKU_33_Edit_Delete_Suspend_Activity_Users">
    <ignored/>
  </testcase> <!-- AK_33_EditUserinformationinuserManagementpagewithvaliddata -->
  <testcase name="AK_51_UserlistcountinapagebasedonShowCountselected" time="0.0" classname="com.app.akku.work.TestCases.AKKU_33_Edit_Delete_Suspend_Activity_Users">
    <ignored/>
  </testcase> <!-- AK_51_UserlistcountinapagebasedonShowCountselected -->
</testsuite> <!-- Edit User -->
