<?xml version="1.0" encoding="UTF-8"?>
<!-- Generated by org.testng.reporters.JUnitXMLReporter -->
<testsuite hostname="CN-D-027" ignored="7" name="Edit Information" tests="2" failures="0" timestamp="20 Nov 2017 13:35:16 GMT" time="39.618" errors="0">
  <testcase name="AK_09_ChangeOldPasswordtoNewPassword" time="13.796" classname="com.app.akku.work.TestCases.AKKU_09_Editpwdinformation"/>
  <testcase name="AK_32_ChangeNewPasswordtoOldPassword" time="13.997" classname="com.app.akku.work.TestCases.AKKU_09_Editpwdinformation"/>
  <testcase name="AK_06_VerificationofUserInfoinHomepageEditInfopage" time="0.0" classname="com.app.akku.work.TestCases.AKKU_09_Editpwdinformation">
    <ignored/>
  </testcase> <!-- AK_06_VerificationofUserInfoinHomepageEditInfopage -->
  <testcase name="AK_14_UpdateNewPasswordWithSamevalueofnewpwdConfirmpwd" time="0.0" classname="com.app.akku.work.TestCases.AKKU_09_Editpwdinformation">
    <ignored/>
  </testcase> <!-- AK_14_UpdateNewPasswordWithSamevalueofnewpwdConfirmpwd -->
  <testcase name="AK_12_UpdateNewPasswordWithEmptyPwdEmptyConfirmPwd" time="0.0" classname="com.app.akku.work.TestCases.AKKU_09_Editpwdinformation">
    <ignored/>
  </testcase> <!-- AK_12_UpdateNewPasswordWithEmptyPwdEmptyConfirmPwd -->
  <testcase name="AK_11_UpdateNewPasswordwithenteringinvalidOldpassword" time="0.0" classname="com.app.akku.work.TestCases.AKKU_09_Editpwdinformation">
    <ignored/>
  </testcase> <!-- AK_11_UpdateNewPasswordwithenteringinvalidOldpassword -->
  <testcase name="AK_10_UpdateNewPasswordwithinvalidConfirmpassword" time="0.0" classname="com.app.akku.work.TestCases.AKKU_09_Editpwdinformation">
    <ignored/>
  </testcase> <!-- AK_10_UpdateNewPasswordwithinvalidConfirmpassword -->
  <testcase name="AK_08_UpdateNewPasswordwithoutenteringOldpassword" time="0.0" classname="com.app.akku.work.TestCases.AKKU_09_Editpwdinformation">
    <ignored/>
  </testcase> <!-- AK_08_UpdateNewPasswordwithoutenteringOldpassword -->
  <testcase name="AK_13_UpdatepasswordwithoutmatchingwithPasswordpolicy" time="0.0" classname="com.app.akku.work.TestCases.AKKU_09_Editpwdinformation">
    <ignored/>
  </testcase> <!-- AK_13_UpdatepasswordwithoutmatchingwithPasswordpolicy -->
</testsuite> <!-- Edit Information -->
