<?xml version="1.0" encoding="UTF-8"?>
<!-- Generated by org.testng.reporters.JUnitXMLReporter -->
<testsuite hostname="CN-D-027" ignored="1" name="Edit User" tests="1" failures="1" timestamp="21 Nov 2017 09:39:16 GMT" time="32.083" errors="0">
  <testcase name="addAdmin" time="4.353" classname="com.app.akku.work.TestCases.AKKU_47_AddsingleuserManually">
    <failure type="java.lang.AssertionError" message="expected [true] but found [false]">
      <![CDATA[java.lang.AssertionError: expected [true] but found [false]
	at com.app.akku.work.pageobjects.LoginPage.Loginpage.validatedloggedinUserDetailsEmailID(Loginpage.java:119)
	at com.app.akku.work.TestCases.AKKU_47_AddsingleuserManually.addAdmin(AKKU_47_AddsingleuserManually.java:105)
... Removed 31 stack frames]]>
    </failure>
  </testcase> <!-- addAdmin -->
  <testcase name="AK_46_AddUsersManually" time="0.0" classname="com.app.akku.work.TestCases.AKKU_47_AddsingleuserManually">
    <ignored/>
  </testcase> <!-- AK_46_AddUsersManually -->
</testsuite> <!-- Edit User -->
