<?xml version="1.0" encoding="UTF-8"?>
<!-- Generated by org.testng.reporters.JUnitXMLReporter -->
<testsuite hostname="CN-D-027" ignored="13" name="Password Policy Test" tests="2" failures="1" timestamp="14 Dec 2017 10:07:24 GMT" time="141.848" errors="0">
  <testcase name="Ak_67_VerifyPasswordHelptextdisplaybasedonSubOUPasswordpolicydetails" time="65.162" classname="com.app.akku.work.TestCases.AKKU_15_PasswordPolicy">
    <skipped/>
  </testcase> <!-- Ak_67_VerifyPasswordHelptextdisplaybasedonSubOUPasswordpolicydetails -->
  <testcase name="Ak_67_VerifyPasswordHelptextdisplaybasedonSubOUPasswordpolicydetails" time="62.814" classname="com.app.akku.work.TestCases.AKKU_15_PasswordPolicy">
    <failure type="java.lang.AssertionError" message="null">
      <![CDATA[java.lang.AssertionError: null
	at com.app.akku.work.TestCases.AKKU_15_PasswordPolicy.Ak_67_VerifyPasswordHelptextdisplaybasedonSubOUPasswordpolicydetails(AKKU_15_PasswordPolicy.java:855)
... Removed 27 stack frames]]>
    </failure>
  </testcase> <!-- Ak_67_VerifyPasswordHelptextdisplaybasedonSubOUPasswordpolicydetails -->
  <testcase name="AK_18_UpdatePasswordLengthwithvaliddata" time="0.0" classname="com.app.akku.work.TestCases.AKKU_15_PasswordPolicy">
    <ignored/>
  </testcase> <!-- AK_18_UpdatePasswordLengthwithvaliddata -->
  <testcase name="Ak_65_UpdatepasswordpolicyforChildOU" time="0.0" classname="com.app.akku.work.TestCases.AKKU_15_PasswordPolicy">
    <ignored/>
  </testcase> <!-- Ak_65_UpdatepasswordpolicyforChildOU -->
  <testcase name="AK_19_VerifyifExpirationofPwdisdisplayedwhenEnablePwdExpiryRadiobtnChecked" time="0.0" classname="com.app.akku.work.TestCases.AKKU_15_PasswordPolicy">
    <ignored/>
  </testcase> <!-- AK_19_VerifyifExpirationofPwdisdisplayedwhenEnablePwdExpiryRadiobtnChecked -->
  <testcase name="DeleteCreatedOufromPage" time="0.0" classname="com.app.akku.work.TestCases.AKKU_15_PasswordPolicy">
    <ignored/>
  </testcase> <!-- DeleteCreatedOufromPage -->
  <testcase name="Ak_66_VerifyPasswordHelptextdisplaybasedonparentOUPasswordpolicydetails" time="0.0" classname="com.app.akku.work.TestCases.AKKU_15_PasswordPolicy">
    <ignored/>
  </testcase> <!-- Ak_66_VerifyPasswordHelptextdisplaybasedonparentOUPasswordpolicydetails -->
  <testcase name="AK_16_UpdatePwdpolicybyselectingmorethanonePwdComplexity" time="0.0" classname="com.app.akku.work.TestCases.AKKU_15_PasswordPolicy">
    <ignored/>
  </testcase> <!-- AK_16_UpdatePwdpolicybyselectingmorethanonePwdComplexity -->
  <testcase name="Updateoldpasswordpolicy" time="0.0" classname="com.app.akku.work.TestCases.AKKU_15_PasswordPolicy">
    <ignored/>
  </testcase> <!-- Updateoldpasswordpolicy -->
  <testcase name="AK_64_UpdatepasswordpolicyforparentOU" time="0.0" classname="com.app.akku.work.TestCases.AKKU_15_PasswordPolicy">
    <ignored/>
  </testcase> <!-- AK_64_UpdatepasswordpolicyforparentOU -->
  <testcase name="AK_63_CreatenewSubOUandsetpasswordpolicy" time="0.0" classname="com.app.akku.work.TestCases.AKKU_15_PasswordPolicy">
    <ignored/>
  </testcase> <!-- AK_63_CreatenewSubOUandsetpasswordpolicy -->
  <testcase name="AK_15_UpdatePwdpolicybyselectingonlyonePwdComplexity" time="0.0" classname="com.app.akku.work.TestCases.AKKU_15_PasswordPolicy">
    <ignored/>
  </testcase> <!-- AK_15_UpdatePwdpolicybyselectingonlyonePwdComplexity -->
  <testcase name="AK_62_CreatenewparentOUandsetpasswordpolicy" time="0.0" classname="com.app.akku.work.TestCases.AKKU_15_PasswordPolicy">
    <ignored/>
  </testcase> <!-- AK_62_CreatenewparentOUandsetpasswordpolicy -->
  <testcase name="AK_20_VerifyifExpirationofPwdishidehenEnablePwdExpiryRadioisunchecked" time="0.0" classname="com.app.akku.work.TestCases.AKKU_15_PasswordPolicy">
    <ignored/>
  </testcase> <!-- AK_20_VerifyifExpirationofPwdishidehenEnablePwdExpiryRadioisunchecked -->
  <testcase name="AK_17_UpdatePasswordLengthwithinvaliddata" time="0.0" classname="com.app.akku.work.TestCases.AKKU_15_PasswordPolicy">
    <ignored/>
  </testcase> <!-- AK_17_UpdatePasswordLengthwithinvaliddata -->
</testsuite> <!-- Password Policy Test -->
