<?xml version="1.0" encoding="UTF-8"?>
<!-- Generated by org.testng.reporters.JUnitXMLReporter -->
<testsuite hostname="CN-D-027" ignored="0" name="Password Policy Test" tests="7" failures="0" timestamp="20 Nov 2017 10:54:59 GMT" time="230.201" errors="0">
  <testcase name="AK_15_UpdatePwdpolicybyselectingonlyonePwdComplexity" time="17.324" classname="com.app.akku.work.TestCases.AKKU_15_PasswordPolicy"/>
  <testcase name="AK_16_UpdatePwdpolicybyselectingmorethanonePwdComplexity" time="59.359" classname="com.app.akku.work.TestCases.AKKU_15_PasswordPolicy"/>
  <testcase name="AK_17_UpdatePasswordLengthwithinvaliddata" time="36.383" classname="com.app.akku.work.TestCases.AKKU_15_PasswordPolicy"/>
  <testcase name="AK_18_UpdatePasswordLengthwithvaliddata" time="16.725" classname="com.app.akku.work.TestCases.AKKU_15_PasswordPolicy"/>
  <testcase name="AK_19_VerifyifExpirationofPwdisdisplayedwhenEnablePwdExpiryRadiobtnChecked" time="20.621" classname="com.app.akku.work.TestCases.AKKU_15_PasswordPolicy"/>
  <testcase name="AK_20_VerifyifExpirationofPwdishidehenEnablePwdExpiryRadioisunchecked" time="18.819" classname="com.app.akku.work.TestCases.AKKU_15_PasswordPolicy"/>
  <testcase name="Updateoldpasswordpolicy" time="16.195" classname="com.app.akku.work.TestCases.AKKU_15_PasswordPolicy"/>
</testsuite> <!-- Password Policy Test -->
