<?xml version="1.0" encoding="UTF-8"?>
<!-- Generated by org.testng.reporters.JUnitXMLReporter -->
<testsuite hostname="css02-Latitude-E6440" ignored="3" name="Site Blocking without Url Description" tests="1" failures="0" timestamp="02 Nov 2017 12:24:26 GMT" time="13.946" errors="0">
  <testcase name="SiteBlockingwithoutUrlDescription" time="10.347" classname="com.app.akku.work.TestCases.AKKU_26_Siteblocking"/>
  <testcase name="siteBlock" time="0.0" classname="com.app.akku.work.TestCases.AKKU_26_Siteblocking">
    <ignored/>
  </testcase> <!-- siteBlock -->
  <testcase name="SiteBlocking_InvalidUrlFormat" time="0.0" classname="com.app.akku.work.TestCases.AKKU_26_Siteblocking">
    <ignored/>
  </testcase> <!-- SiteBlocking_InvalidUrlFormat -->
  <testcase name="SiteBlockingwithoutUrlAndDescription" time="0.0" classname="com.app.akku.work.TestCases.AKKU_26_Siteblocking">
    <ignored/>
  </testcase> <!-- SiteBlockingwithoutUrlAndDescription -->
</testsuite> <!-- Site Blocking without Url Description -->
